<?xml version="1.0" encoding="UTF-8" ?>
<testsuite tests="13" failures="0" name="runner.RunnerTest" time="135.977" errors="0" skipped="12">
  <properties>
[...]
</properties>
  <testcase classname="| &quot;Blue Skies Airlines 361&quot; | &quot;Blue Skies Airlines 631&quot; | &quot;Automacao&quot; | &quot;Teste&quot; | &quot;118989038904&quot; |" name="Dado que acesso o sistema" time="10.441">
    <skipped/>
    <system-out>#language: pt
#Author: Thiago Benites
@newtours
Funcionalidade: Testes basicos no google
  Eu como um usuário
  Quero realizar uma reserva de voo

  @smoketest
  Esquema do Cenario: CT01_Reserva voo                               &amp;#27;[90m# newtours.feature:13&amp;#27;[0m
    &amp;#27;[36mQuando &amp;#27;[0m&amp;#27;[36mpreencho os dados da reserva &quot;Dados&quot;&amp;#27;[0m
    &amp;#27;[36mE &amp;#27;[0m&amp;#27;[36mestou na tela &quot;SELECT FLIGHT&quot;&amp;#27;[0m
    &amp;#27;[36mE &amp;#27;[0m&amp;#27;[36mseleciono o voo de ida &lt;Ida&gt;&amp;#27;[0m
    &amp;#27;[36mE &amp;#27;[0m&amp;#27;[36mseleciono o voo de volta &lt;Volta&gt;&amp;#27;[0m
    &amp;#27;[36mE &amp;#27;[0m&amp;#27;[36mestou na tela &quot;BOOK A FLIGHT&quot;&amp;#27;[0m
    &amp;#27;[36mE &amp;#27;[0m&amp;#27;[36mvalido os dados de voo &lt;Ida&gt; e &lt;Volta&gt;&amp;#27;[0m
    &amp;#27;[36mE &amp;#27;[0m&amp;#27;[36mpreencho os campos obrigatorios &lt;Nome&gt;, &lt;SobreNome&gt; e &lt;Cartao&gt;&amp;#27;[0m
    &amp;#27;[36mQuando &amp;#27;[0m&amp;#27;[36mestou na tela &quot;FLIGHT CONFIRMATION&quot;&amp;#27;[0m
    &amp;#27;[36mEntao &amp;#27;[0m&amp;#27;[36mvalido o numero de reserva&amp;#27;[0m

    Exemplos: 
*** Iniciando Teste ***
Executando cenario CT01_Reserva voo
</system-out>
    <system-err>Starting ChromeDriver 80.0.3987.106 (f68069574609230cf9b635cd784cfb1bf81bb53a-refs/branch-heads/3987@{#882}) on port 13463
Only local connections are allowed.
Please protect ports used by ChromeDriver and related test frameworks to prevent access by malicious code.
[1584415895.958][WARNING]: Timed out connecting to Chrome, retrying...
mar 17, 2020 12:31:37 AM org.openqa.selenium.remote.ProtocolHandshake createSession
INFO: Detected dialect: W3C
[1584415900.006][WARNING]: Timed out connecting to Chrome, retrying...
</system-err>
  </testcase>
  <testcase classname="| &quot;Blue Skies Airlines 361&quot; | &quot;Blue Skies Airlines 631&quot; | &quot;Automacao&quot; | &quot;Teste&quot; | &quot;118989038904&quot; |" name="Entao realizo login" time="10.442">
    <skipped/>
  </testcase>
  <testcase classname="| &quot;Blue Skies Airlines 361&quot; | &quot;Blue Skies Airlines 631&quot; | &quot;Automacao&quot; | &quot;Teste&quot; | &quot;118989038904&quot; |" name="Quando preencho os dados da reserva &quot;Dados&quot;" time="10.453">
    <skipped/>
    <system-out>
  Contexto: Acesso o sistema de reserva &amp;#27;[90m# newtours.feature:8&amp;#27;[0m
    &amp;#27;[33mDado &amp;#27;[0m&amp;#27;[33mque acesso o sistema&amp;#27;[0m           &amp;#27;[90m# NewToursSteps.queAcessoOSistema()&amp;#27;[0m
      &amp;#27;[31mcucumber.api.PendingException: TODO: implement me
      	at steps.NewToursSteps.queAcessoOSistema(NewToursSteps.java:14)
      	at ?.Dado que acesso o sistema(newtours.feature:9)
      &amp;#27;[0m
    &amp;#27;[36mEntao &amp;#27;[0m&amp;#27;[36mrealizo login&amp;#27;[0m                 &amp;#27;[90m# NewToursSteps.realizoLogin()&amp;#27;[0m
</system-out>
  </testcase>
  <testcase classname="| &quot;Blue Skies Airlines 361&quot; | &quot;Blue Skies Airlines 631&quot; | &quot;Automacao&quot; | &quot;Teste&quot; | &quot;118989038904&quot; |" name="E estou na tela &quot;SELECT FLIGHT&quot;" time="10.455">
    <skipped/>
  </testcase>
  <testcase classname="| &quot;Blue Skies Airlines 361&quot; | &quot;Blue Skies Airlines 631&quot; | &quot;Automacao&quot; | &quot;Teste&quot; | &quot;118989038904&quot; |" name="E seleciono o voo de ida &quot;Blue Skies Airlines 361&quot;" time="10.458">
    <skipped/>
  </testcase>
  <testcase classname="| &quot;Blue Skies Airlines 361&quot; | &quot;Blue Skies Airlines 631&quot; | &quot;Automacao&quot; | &quot;Teste&quot; | &quot;118989038904&quot; |" name="E seleciono o voo de volta &quot;Blue Skies Airlines 631&quot;" time="10.46">
    <skipped/>
  </testcase>
  <testcase classname="| &quot;Blue Skies Airlines 361&quot; | &quot;Blue Skies Airlines 631&quot; | &quot;Automacao&quot; | &quot;Teste&quot; | &quot;118989038904&quot; |" name="E estou na tela &quot;BOOK A FLIGHT&quot;" time="10.462">
    <skipped/>
  </testcase>
  <testcase classname="| &quot;Blue Skies Airlines 361&quot; | &quot;Blue Skies Airlines 631&quot; | &quot;Automacao&quot; | &quot;Teste&quot; | &quot;118989038904&quot; |" name="E valido os dados de voo &quot;Blue Skies Airlines 361&quot; e &quot;Blue Skies Airlines 631&quot;" time="10.464">
    <skipped/>
  </testcase>
  <testcase classname="| &quot;Blue Skies Airlines 361&quot; | &quot;Blue Skies Airlines 631&quot; | &quot;Automacao&quot; | &quot;Teste&quot; | &quot;118989038904&quot; |" name="E preencho os campos obrigatorios &quot;Automacao&quot;, &quot;Teste&quot; e &quot;118989038904&quot;" time="10.466">
    <skipped/>
  </testcase>
  <testcase classname="| &quot;Blue Skies Airlines 361&quot; | &quot;Blue Skies Airlines 631&quot; | &quot;Automacao&quot; | &quot;Teste&quot; | &quot;118989038904&quot; |" name="Quando estou na tela &quot;FLIGHT CONFIRMATION&quot;" time="10.467">
    <skipped/>
  </testcase>
  <testcase classname="| &quot;Blue Skies Airlines 361&quot; | &quot;Blue Skies Airlines 631&quot; | &quot;Automacao&quot; | &quot;Teste&quot; | &quot;118989038904&quot; |" name="Entao valido o numero de reserva" time="10.468">
    <skipped/>
  </testcase>
  <testcase classname="| &quot;Blue Skies Airlines 361&quot; | &quot;Blue Skies Airlines 631&quot; | &quot;Automacao&quot; | &quot;Teste&quot; | &quot;118989038904&quot; |" name="| &quot;Blue Skies Airlines 361&quot; | &quot;Blue Skies Airlines 631&quot; | &quot;Automacao&quot; | &quot;Teste&quot; | &quot;118989038904&quot; |" time="10.47">
    <skipped/>
    <system-out>*** Fim dos testes ***
</system-out>
  </testcase>
  <testcase classname="| &quot;Blue Skies Airlines 361&quot; | &quot;Blue Skies Airlines 631&quot; | &quot;Automacao&quot; | &quot;Teste&quot; | &quot;118989038904&quot; |" name="| &quot;Blue Skies Airlines 361&quot; | &quot;Blue Skies Airlines 631&quot; | &quot;Automacao&quot; | &quot;Teste&quot; | &quot;118989038904&quot; |" time="10.471"/>
</testsuite>