<?xml version="1.0" encoding="UTF-8" ?>
<testsuite tests="13" failures="0" name="runner.RunnerTest" time="1.391" errors="0" skipped="10">
  <properties>
[...]
</properties>
  <testcase classname="| &quot;Blue Skies Airlines 361&quot; | &quot;Blue Skies Airlines 631&quot; | &quot;Automacao&quot; | &quot;Teste&quot; | &quot;118989038904&quot; |" name="Dado que acesso o sistema" time="0.008"/>
  <testcase classname="| &quot;Blue Skies Airlines 361&quot; | &quot;Blue Skies Airlines 631&quot; | &quot;Automacao&quot; | &quot;Teste&quot; | &quot;118989038904&quot; |" name="Entao realizo login" time="0"/>
  <testcase classname="| &quot;Blue Skies Airlines 361&quot; | &quot;Blue Skies Airlines 631&quot; | &quot;Automacao&quot; | &quot;Teste&quot; | &quot;118989038904&quot; |" name="Quando preencho os dados da reserva &quot;Dados&quot;" time="0.013">
    <skipped/>
    <system-out>
  Contexto: Acesso o sistema de reserva &amp;#27;[90m# newtours.feature:8&amp;#27;[0m
    &amp;#27;[32mDado &amp;#27;[0m&amp;#27;[32mque acesso o sistema&amp;#27;[0m           &amp;#27;[90m# NewToursSteps.queAcessoOSistema()&amp;#27;[0m
    &amp;#27;[32mEntao &amp;#27;[0m&amp;#27;[32mrealizo login&amp;#27;[0m                 &amp;#27;[90m# NewToursSteps.realizoLogin()&amp;#27;[0m
</system-out>
  </testcase>
  <testcase classname="| &quot;Blue Skies Airlines 361&quot; | &quot;Blue Skies Airlines 631&quot; | &quot;Automacao&quot; | &quot;Teste&quot; | &quot;118989038904&quot; |" name="E estou na tela &quot;SELECT FLIGHT&quot;" time="0.015">
    <skipped/>
  </testcase>
  <testcase classname="| &quot;Blue Skies Airlines 361&quot; | &quot;Blue Skies Airlines 631&quot; | &quot;Automacao&quot; | &quot;Teste&quot; | &quot;118989038904&quot; |" name="E seleciono o voo de ida &quot;Blue Skies Airlines 361&quot;" time="0.016">
    <skipped/>
  </testcase>
  <testcase classname="| &quot;Blue Skies Airlines 361&quot; | &quot;Blue Skies Airlines 631&quot; | &quot;Automacao&quot; | &quot;Teste&quot; | &quot;118989038904&quot; |" name="E seleciono o voo de volta &quot;Blue Skies Airlines 631&quot;" time="0.017">
    <skipped/>
  </testcase>
  <testcase classname="| &quot;Blue Skies Airlines 361&quot; | &quot;Blue Skies Airlines 631&quot; | &quot;Automacao&quot; | &quot;Teste&quot; | &quot;118989038904&quot; |" name="E estou na tela &quot;BOOK A FLIGHT&quot;" time="0.019">
    <skipped/>
  </testcase>
  <testcase classname="| &quot;Blue Skies Airlines 361&quot; | &quot;Blue Skies Airlines 631&quot; | &quot;Automacao&quot; | &quot;Teste&quot; | &quot;118989038904&quot; |" name="E valido os dados de voo &quot;Blue Skies Airlines 361&quot; e &quot;Blue Skies Airlines 631&quot;" time="0.02">
    <skipped/>
  </testcase>
  <testcase classname="| &quot;Blue Skies Airlines 361&quot; | &quot;Blue Skies Airlines 631&quot; | &quot;Automacao&quot; | &quot;Teste&quot; | &quot;118989038904&quot; |" name="E preencho os campos obrigatorios &quot;Automacao&quot;, &quot;Teste&quot; e &quot;118989038904&quot;" time="0.022">
    <skipped/>
  </testcase>
  <testcase classname="| &quot;Blue Skies Airlines 361&quot; | &quot;Blue Skies Airlines 631&quot; | &quot;Automacao&quot; | &quot;Teste&quot; | &quot;118989038904&quot; |" name="Quando estou na tela &quot;FLIGHT CONFIRMATION&quot;" time="0.023">
    <skipped/>
  </testcase>
  <testcase classname="| &quot;Blue Skies Airlines 361&quot; | &quot;Blue Skies Airlines 631&quot; | &quot;Automacao&quot; | &quot;Teste&quot; | &quot;118989038904&quot; |" name="Entao valido o numero de reserva" time="0.024">
    <skipped/>
  </testcase>
  <testcase classname="| &quot;Blue Skies Airlines 361&quot; | &quot;Blue Skies Airlines 631&quot; | &quot;Automacao&quot; | &quot;Teste&quot; | &quot;118989038904&quot; |" name="| &quot;Blue Skies Airlines 361&quot; | &quot;Blue Skies Airlines 631&quot; | &quot;Automacao&quot; | &quot;Teste&quot; | &quot;118989038904&quot; |" time="0.607">
    <skipped/>
    <system-out>*** Fim dos testes ***
</system-out>
  </testcase>
  <testcase classname="| &quot;Blue Skies Airlines 361&quot; | &quot;Blue Skies Airlines 631&quot; | &quot;Automacao&quot; | &quot;Teste&quot; | &quot;118989038904&quot; |" name="| &quot;Blue Skies Airlines 361&quot; | &quot;Blue Skies Airlines 631&quot; | &quot;Automacao&quot; | &quot;Teste&quot; | &quot;118989038904&quot; |" time="0.607"/>
</testsuite>